Symlinking /home/zhicheng/Project/FRGraph/devel/share/roseus/ros/decomp_ros_msgs/manifest.l
Symlinking /home/zhicheng/Project/FRGraph/devel/share/roseus/ros/decomp_ros_msgs/msg/EllipsoidArray.l
Symlinking /home/zhicheng/Project/FRGraph/devel/share/roseus/ros/decomp_ros_msgs/msg/PolyhedronArray.l
Symlinking /home/zhicheng/Project/FRGraph/devel/share/roseus/ros/decomp_ros_msgs/msg/Ellipsoid.l
Symlinking /home/zhicheng/Project/FRGraph/devel/share/roseus/ros/decomp_ros_msgs/msg/Polyhedron.l
Symlinking /home/zhicheng/Project/FRGraph/devel/share/decomp_ros_msgs/cmake/decomp_ros_msgsConfig.cmake
Symlinking /home/zhicheng/Project/FRGraph/devel/share/decomp_ros_msgs/cmake/decomp_ros_msgs-msg-extras.cmake
Symlinking /home/zhicheng/Project/FRGraph/devel/share/decomp_ros_msgs/cmake/decomp_ros_msgsConfig-version.cmake
Symlinking /home/zhicheng/Project/FRGraph/devel/share/decomp_ros_msgs/cmake/decomp_ros_msgs-msg-paths.cmake
Symlinking /home/zhicheng/Project/FRGraph/devel/share/gennodejs/ros/decomp_ros_msgs/_index.js
Symlinking /home/zhicheng/Project/FRGraph/devel/share/gennodejs/ros/decomp_ros_msgs/msg/_index.js
Symlinking /home/zhicheng/Project/FRGraph/devel/share/gennodejs/ros/decomp_ros_msgs/msg/Polyhedron.js
Symlinking /home/zhicheng/Project/FRGraph/devel/share/gennodejs/ros/decomp_ros_msgs/msg/EllipsoidArray.js
Symlinking /home/zhicheng/Project/FRGraph/devel/share/gennodejs/ros/decomp_ros_msgs/msg/PolyhedronArray.js
Symlinking /home/zhicheng/Project/FRGraph/devel/share/gennodejs/ros/decomp_ros_msgs/msg/Ellipsoid.js
Symlinking /home/zhicheng/Project/FRGraph/devel/share/common-lisp/ros/decomp_ros_msgs/msg/_package_Ellipsoid.lisp
Symlinking /home/zhicheng/Project/FRGraph/devel/share/common-lisp/ros/decomp_ros_msgs/msg/_package_Polyhedron.lisp
Symlinking /home/zhicheng/Project/FRGraph/devel/share/common-lisp/ros/decomp_ros_msgs/msg/EllipsoidArray.lisp
Symlinking /home/zhicheng/Project/FRGraph/devel/share/common-lisp/ros/decomp_ros_msgs/msg/Polyhedron.lisp
Symlinking /home/zhicheng/Project/FRGraph/devel/share/common-lisp/ros/decomp_ros_msgs/msg/Ellipsoid.lisp
Symlinking /home/zhicheng/Project/FRGraph/devel/share/common-lisp/ros/decomp_ros_msgs/msg/_package_EllipsoidArray.lisp
Symlinking /home/zhicheng/Project/FRGraph/devel/share/common-lisp/ros/decomp_ros_msgs/msg/PolyhedronArray.lisp
Symlinking /home/zhicheng/Project/FRGraph/devel/share/common-lisp/ros/decomp_ros_msgs/msg/_package.lisp
Symlinking /home/zhicheng/Project/FRGraph/devel/share/common-lisp/ros/decomp_ros_msgs/msg/_package_PolyhedronArray.lisp
Symlinking /home/zhicheng/Project/FRGraph/devel/share/common-lisp/ros/decomp_ros_msgs/msg/decomp_ros_msgs-msg.asd
Symlinking /home/zhicheng/Project/FRGraph/devel/lib/python3/dist-packages/decomp_ros_msgs/__init__.py
Symlinking /home/zhicheng/Project/FRGraph/devel/lib/python3/dist-packages/decomp_ros_msgs/msg/_Polyhedron.py
Symlinking /home/zhicheng/Project/FRGraph/devel/lib/python3/dist-packages/decomp_ros_msgs/msg/_Ellipsoid.py
Symlinking /home/zhicheng/Project/FRGraph/devel/lib/python3/dist-packages/decomp_ros_msgs/msg/__init__.py
Symlinking /home/zhicheng/Project/FRGraph/devel/lib/python3/dist-packages/decomp_ros_msgs/msg/_PolyhedronArray.py
Symlinking /home/zhicheng/Project/FRGraph/devel/lib/python3/dist-packages/decomp_ros_msgs/msg/_EllipsoidArray.py
Symlinking /home/zhicheng/Project/FRGraph/devel/lib/pkgconfig/decomp_ros_msgs.pc
Symlinking /home/zhicheng/Project/FRGraph/devel/include/decomp_ros_msgs/Polyhedron.h
Symlinking /home/zhicheng/Project/FRGraph/devel/include/decomp_ros_msgs/PolyhedronArray.h
Symlinking /home/zhicheng/Project/FRGraph/devel/include/decomp_ros_msgs/Ellipsoid.h
Symlinking /home/zhicheng/Project/FRGraph/devel/include/decomp_ros_msgs/EllipsoidArray.h
